<?xml version='1.0' encoding='UTF-8' ?>
<testsuite name="com.example.dogglers.VerticalListTests" tests="1" failures="0" errors="0" skipped="0" time="2.858" timestamp="2022-10-03T08:13:27" hostname="localhost">
  <properties>
    <property name="device" value="Pixel_3a_API_33_arm64-v8a(AVD) - 13" />
    <property name="flavor" value="" />
    <property name="project" value=":app" />
  </properties>
  <testcase name="vertical_scrolling" classname="com.example.dogglers.VerticalListTests" time="2.095" />
</testsuite>